#
# There is insufficient memory for the Java Runtime Environment to continue.
# Native memory allocation (malloc) failed to allocate 32744 bytes for ChunkPool::allocate
# Possible reasons:
#   The system is out of physical RAM or swap space
#   The process is running with CompressedOops enabled, and the Java Heap may be blocking the growth of the native heap
# Possible solutions:
#   Reduce memory load on the system
#   Increase physical memory or swap space
#   Check if swap backing store is full
#   Decrease Java heap size (-Xmx/-Xms)
#   Decrease number of Java threads
#   Decrease Java thread stack sizes (-Xss)
#   Set larger code cache with -XX:ReservedCodeCacheSize=
#   JVM is running with Unscaled Compressed Oops mode in which the Java heap is
#     placed in the first 4GB address space. The Java Heap base address is the
#     maximum limit for the native heap growth. Please use -XX:HeapBaseMinAddress
#     to set the Java Heap base and to place the Java Heap above 4GB virtual address.
# This output file may be truncated or incomplete.
#
#  Out of Memory Error (./src/hotspot/share/memory/arena.cpp:81), pid=27256, tid=23920
#
# JRE version: OpenJDK Runtime Environment (11.0.11+9) (build 11.0.11+9-b60-7590822)
# Java VM: OpenJDK 64-Bit Server VM (11.0.11+9-b60-7590822, mixed mode, tiered, compressed oops, g1 gc, windows-amd64)
# No core dump will be written. Minidumps are not enabled by default on client versions of Windows
#

---------------  S U M M A R Y ------------

Command Line: --add-opens=java.base/java.util=ALL-UNNAMED --add-opens=java.base/java.lang=ALL-UNNAMED --add-opens=java.base/java.lang.invoke=ALL-UNNAMED --add-opens=java.base/java.util=ALL-UNNAMED --add-opens=java.prefs/java.util.prefs=ALL-UNNAMED --add-opens=java.prefs/java.util.prefs=ALL-UNNAMED --add-opens=java.base/java.nio.charset=ALL-UNNAMED --add-opens=java.base/java.net=ALL-UNNAMED --add-opens=java.base/java.util.concurrent.atomic=ALL-UNNAMED -Xmx2048m -Dfile.encoding=UTF-8 -Duser.country=UA -Duser.language=uk -Duser.variant org.gradle.launcher.daemon.bootstrap.GradleDaemon 7.2

Host: Intel(R) Celeron(R) N4000 CPU @ 1.10GHz, 2 cores, 3G,  Windows 10 , 64 bit Build 18362 (10.0.18362.2037)
Time: Fri Apr 22 15:10:26 2022 O?ieyia?y (e?oi) elapsed time: 53.442044 seconds (0d 0h 0m 53s)

---------------  T H R E A D  ---------------

Current thread (0x000001ccbc1b1800):  JavaThread "C2 CompilerThread0" daemon [_thread_in_native, id=23920, stack(0x0000001c9b100000,0x0000001c9b200000)]


Current CompileTask:
C2:  53442 5729       4       sun.nio.fs.WindowsPathParser::normalize (233 bytes)

Stack: [0x0000001c9b100000,0x0000001c9b200000]
Native frames: (J=compiled Java code, j=interpreted, Vv=VM code, C=native code)
V  [jvm.dll+0x5f214a]
V  [jvm.dll+0x726fb5]
V  [jvm.dll+0x7285cd]
V  [jvm.dll+0x728c83]
V  [jvm.dll+0x243278]
V  [jvm.dll+0xbc78b]
V  [jvm.dll+0xbca3c]
V  [jvm.dll+0xbc638]
V  [jvm.dll+0x5d14e0]
V  [jvm.dll+0x62212e]
V  [jvm.dll+0x198a28]
V  [jvm.dll+0x1fc2ee]
V  [jvm.dll+0x1fb3d4]
V  [jvm.dll+0x183d6c]
V  [jvm.dll+0x209a57]
V  [jvm.dll+0x2082a1]
V  [jvm.dll+0x6ef58f]
V  [jvm.dll+0x6e80b5]
V  [jvm.dll+0x5f1036]
C  [ucrtbase.dll+0x210b2]
C  [KERNEL32.DLL+0x17c24]
C  [ntdll.dll+0x6d721]


---------------  P R O C E S S  ---------------

Threads class SMR info:
_java_thread_list=0x000001ccc046b440, length=56, elements={
0x000001cca0113800, 0x000001ccbb82b800, 0x000001ccbb835800, 0x000001ccbc1ab000,
0x000001ccbc1ad000, 0x000001ccbc1ae000, 0x000001ccbc1b1800, 0x000001ccbb83c800,
0x000001ccbb848800, 0x000001ccbc2ee800, 0x000001ccbdbbe800, 0x000001ccbd019800,
0x000001ccbcd56000, 0x000001ccbd151800, 0x000001ccbdc97800, 0x000001ccbcd3d800,
0x000001ccbc640000, 0x000001ccbc641000, 0x000001ccbc797800, 0x000001ccbc4b4800,
0x000001ccbc4b2000, 0x000001ccbc4b3800, 0x000001ccbc4b1000, 0x000001ccbc4b5000,
0x000001ccbc4b2800, 0x000001ccbc4b6000, 0x000001ccbc4b0800, 0x000001ccbc4b7000,
0x000001ccbe9ac800, 0x000001ccbe9ad800, 0x000001ccbe9ae800, 0x000001ccbe9aa000,
0x000001ccbe9af000, 0x000001ccbe9ac000, 0x000001ccbe9ab000, 0x000001ccbe9b1800,
0x000001ccbe9b3000, 0x000001ccbe9b5000, 0x000001ccbe9b5800, 0x000001ccbe9b4000,
0x000001ccbe9b8000, 0x000001ccbe9b7000, 0x000001ccbe9b2800, 0x000001ccbe9b6800,
0x000001ccbe9b9000, 0x000001ccc05c9800, 0x000001ccc05ca800, 0x000001ccc05cb000,
0x000001ccc05cc000, 0x000001ccc05cd000, 0x000001ccc05cd800, 0x000001ccc05c8800,
0x000001ccc05c8000, 0x000001ccc05d4000, 0x000001ccc05ce800, 0x000001ccc05d1800
}

Java Threads: ( => current thread )
  0x000001cca0113800 JavaThread "main" [_thread_blocked, id=28028, stack(0x0000001c9a500000,0x0000001c9a600000)]
  0x000001ccbb82b800 JavaThread "Reference Handler" daemon [_thread_blocked, id=22768, stack(0x0000001c9ac00000,0x0000001c9ad00000)]
  0x000001ccbb835800 JavaThread "Finalizer" daemon [_thread_blocked, id=24848, stack(0x0000001c9ad00000,0x0000001c9ae00000)]
  0x000001ccbc1ab000 JavaThread "Signal Dispatcher" daemon [_thread_blocked, id=26740, stack(0x0000001c9ae00000,0x0000001c9af00000)]
  0x000001ccbc1ad000 JavaThread "Attach Listener" daemon [_thread_blocked, id=24780, stack(0x0000001c9af00000,0x0000001c9b000000)]
  0x000001ccbc1ae000 JavaThread "Service Thread" daemon [_thread_blocked, id=28848, stack(0x0000001c9b000000,0x0000001c9b100000)]
=>0x000001ccbc1b1800 JavaThread "C2 CompilerThread0" daemon [_thread_in_native, id=23920, stack(0x0000001c9b100000,0x0000001c9b200000)]
  0x000001ccbb83c800 JavaThread "C1 CompilerThread0" daemon [_thread_blocked, id=26776, stack(0x0000001c9b200000,0x0000001c9b300000)]
  0x000001ccbb848800 JavaThread "Sweeper thread" daemon [_thread_blocked, id=26132, stack(0x0000001c9b300000,0x0000001c9b400000)]
  0x000001ccbc2ee800 JavaThread "Common-Cleaner" daemon [_thread_blocked, id=30648, stack(0x0000001c9b400000,0x0000001c9b500000)]
  0x000001ccbdbbe800 JavaThread "Daemon health stats" [_thread_blocked, id=7332, stack(0x0000001c9b700000,0x0000001c9b800000)]
  0x000001ccbd019800 JavaThread "Incoming local TCP Connector on port 54309" [_thread_in_native, id=7808, stack(0x0000001c9b800000,0x0000001c9b900000)]
  0x000001ccbcd56000 JavaThread "Daemon" [_thread_blocked, id=22956, stack(0x0000001c9b900000,0x0000001c9ba00000)]
  0x000001ccbd151800 JavaThread "Handler for socket connection from /127.0.0.1:54309 to /127.0.0.1:54310" [_thread_in_native, id=26004, stack(0x0000001c9ba00000,0x0000001c9bb00000)]
  0x000001ccbdc97800 JavaThread "Daemon periodic checks" [_thread_blocked, id=26008, stack(0x0000001c9bb00000,0x0000001c9bc00000)]
  0x000001ccbcd3d800 JavaThread "Cancel handler" [_thread_blocked, id=26636, stack(0x0000001c9bc00000,0x0000001c9bd00000)]
  0x000001ccbc640000 JavaThread "Daemon worker" [_thread_blocked, id=26812, stack(0x0000001c9bd00000,0x0000001c9be00000)]
  0x000001ccbc641000 JavaThread "Asynchronous log dispatcher for DefaultDaemonConnection: socket connection from /127.0.0.1:54309 to /127.0.0.1:54310" [_thread_blocked, id=25356, stack(0x0000001c9be00000,0x0000001c9bf00000)]
  0x000001ccbc797800 JavaThread "Stdin handler" [_thread_blocked, id=26116, stack(0x0000001c9bf00000,0x0000001c9c000000)]
  0x000001ccbc4b4800 JavaThread "Daemon client event forwarder" [_thread_blocked, id=15500, stack(0x0000001c9c000000,0x0000001c9c100000)]
  0x000001ccbc4b2000 JavaThread "Cache worker for journal cache (E:\.gradle\caches\journal-1)" [_thread_blocked, id=23648, stack(0x0000001c9c100000,0x0000001c9c200000)]
  0x000001ccbc4b3800 JavaThread "File lock request listener" [_thread_in_native, id=30676, stack(0x0000001c9c200000,0x0000001c9c300000)]
  0x000001ccbc4b1000 JavaThread "File lock release action executor" [_thread_blocked, id=25456, stack(0x0000001c9c300000,0x0000001c9c400000)]
  0x000001ccbc4b5000 JavaThread "Cache worker for file hash cache (E:\.gradle\caches\7.2\fileHashes)" [_thread_blocked, id=29736, stack(0x0000001c9c400000,0x0000001c9c500000)]
  0x000001ccbc4b2800 JavaThread "Cache worker for file hash cache (E:\Study\Kursova\KPOPStan\.gradle\7.2\fileHashes)" [_thread_blocked, id=19800, stack(0x0000001c9c500000,0x0000001c9c600000)]
  0x000001ccbc4b6000 JavaThread "File watcher server" daemon [_thread_in_native, id=4060, stack(0x0000001c9c600000,0x0000001c9c700000)]
  0x000001ccbc4b0800 JavaThread "File watcher consumer" daemon [_thread_blocked, id=29584, stack(0x0000001c9c700000,0x0000001c9c800000)]
  0x000001ccbc4b7000 JavaThread "jar transforms" [_thread_blocked, id=13540, stack(0x0000001c9c800000,0x0000001c9c900000)]
  0x000001ccbe9ac800 JavaThread "jar transforms Thread 2" [_thread_blocked, id=29572, stack(0x0000001c9c900000,0x0000001c9ca00000)]
  0x000001ccbe9ad800 JavaThread "Cache worker for checksums cache (E:\Study\Kursova\KPOPStan\.gradle\checksums)" [_thread_blocked, id=27232, stack(0x0000001c9ca00000,0x0000001c9cb00000)]
  0x000001ccbe9ae800 JavaThread "Cache worker for cache directory md-supplier (E:\.gradle\caches\7.2\md-supplier)" [_thread_blocked, id=27436, stack(0x0000001c9cb00000,0x0000001c9cc00000)]
  0x000001ccbe9aa000 JavaThread "Cache worker for cache directory md-rule (E:\.gradle\caches\7.2\md-rule)" [_thread_blocked, id=23300, stack(0x0000001c9cc00000,0x0000001c9cd00000)]
  0x000001ccbe9af000 JavaThread "Cache worker for execution history cache (E:\.gradle\caches\7.2\executionHistory)" [_thread_blocked, id=28024, stack(0x0000001c9cd00000,0x0000001c9ce00000)]
  0x000001ccbe9ac000 JavaThread "Cache worker for file content cache (E:\.gradle\caches\7.2\fileContent)" [_thread_blocked, id=24300, stack(0x0000001c9ce00000,0x0000001c9cf00000)]
  0x000001ccbe9ab000 JavaThread "Cache worker for dependencies-accessors (E:\Study\Kursova\KPOPStan\.gradle\7.2\dependencies-accessors)" [_thread_blocked, id=7380, stack(0x0000001c9d000000,0x0000001c9d100000)]
  0x000001ccbe9b1800 JavaThread "Cache worker for Build Output Cleanup Cache (E:\Study\Kursova\KPOPStan\.gradle\buildOutputCleanup)" [_thread_blocked, id=9640, stack(0x0000001c9d200000,0x0000001c9d300000)]
  0x000001ccbe9b3000 JavaThread "Unconstrained build operations" [_thread_blocked, id=29348, stack(0x0000001c9d300000,0x0000001c9d400000)]
  0x000001ccbe9b5000 JavaThread "Unconstrained build operations Thread 2" [_thread_blocked, id=30612, stack(0x0000001c9d400000,0x0000001c9d500000)]
  0x000001ccbe9b5800 JavaThread "Unconstrained build operations Thread 3" [_thread_blocked, id=7428, stack(0x0000001c9d500000,0x0000001c9d600000)]
  0x000001ccbe9b4000 JavaThread "Unconstrained build operations Thread 4" [_thread_blocked, id=12228, stack(0x0000001c9d600000,0x0000001c9d700000)]
  0x000001ccbe9b8000 JavaThread "Unconstrained build operations Thread 5" [_thread_blocked, id=9752, stack(0x0000001c9d700000,0x0000001c9d800000)]
  0x000001ccbe9b7000 JavaThread "Unconstrained build operations Thread 6" [_thread_blocked, id=25008, stack(0x0000001c9d800000,0x0000001c9d900000)]
  0x000001ccbe9b2800 JavaThread "Unconstrained build operations Thread 7" [_thread_blocked, id=28536, stack(0x0000001c9d900000,0x0000001c9da00000)]
  0x000001ccbe9b6800 JavaThread "Unconstrained build operations Thread 8" [_thread_blocked, id=28252, stack(0x0000001c9da00000,0x0000001c9db00000)]
  0x000001ccbe9b9000 JavaThread "Unconstrained build operations Thread 9" [_thread_blocked, id=28752, stack(0x0000001c9db00000,0x0000001c9dc00000)]
  0x000001ccc05c9800 JavaThread "Unconstrained build operations Thread 10" [_thread_blocked, id=17460, stack(0x0000001c9dc00000,0x0000001c9dd00000)]
  0x000001ccc05ca800 JavaThread "Unconstrained build operations Thread 11" [_thread_blocked, id=24668, stack(0x0000001c9dd00000,0x0000001c9de00000)]
  0x000001ccc05cb000 JavaThread "Unconstrained build operations Thread 12" [_thread_blocked, id=25548, stack(0x0000001c9de00000,0x0000001c9df00000)]
  0x000001ccc05cc000 JavaThread "Unconstrained build operations Thread 13" [_thread_blocked, id=25160, stack(0x0000001c9df00000,0x0000001c9e000000)]
  0x000001ccc05cd000 JavaThread "Unconstrained build operations Thread 14" [_thread_blocked, id=29328, stack(0x0000001c9e000000,0x0000001c9e100000)]
  0x000001ccc05cd800 JavaThread "Unconstrained build operations Thread 15" [_thread_blocked, id=23020, stack(0x0000001c9e100000,0x0000001c9e200000)]
  0x000001ccc05c8800 JavaThread "Unconstrained build operations Thread 16" [_thread_blocked, id=25220, stack(0x0000001c9e200000,0x0000001c9e300000)]
  0x000001ccc05c8000 JavaThread "Unconstrained build operations Thread 17" [_thread_blocked, id=28856, stack(0x0000001c9e300000,0x0000001c9e400000)]
  0x000001ccc05d4000 JavaThread "Unconstrained build operations Thread 18" [_thread_blocked, id=29860, stack(0x0000001c9e400000,0x0000001c9e500000)]
  0x000001ccc05ce800 JavaThread "Unconstrained build operations Thread 19" [_thread_blocked, id=26816, stack(0x0000001c9e500000,0x0000001c9e600000)]
  0x000001ccc05d1800 JavaThread "Unconstrained build operations Thread 20" [_thread_blocked, id=18236, stack(0x0000001c9e600000,0x0000001c9e700000)]

Other Threads:
  0x000001ccbb825800 VMThread "VM Thread" [stack: 0x0000001c9ab00000,0x0000001c9ac00000] [id=25224]
  0x000001ccbc307800 WatcherThread [stack: 0x0000001c9b500000,0x0000001c9b600000] [id=5076]
  0x000001cca012b000 GCTaskThread "GC Thread#0" [stack: 0x0000001c9a600000,0x0000001c9a700000] [id=27096]
  0x000001ccbc4d4800 GCTaskThread "GC Thread#1" [stack: 0x0000001c9b600000,0x0000001c9b700000] [id=30640]
  0x000001cca015c800 ConcurrentGCThread "G1 Main Marker" [stack: 0x0000001c9a700000,0x0000001c9a800000] [id=27948]
  0x000001cca0160000 ConcurrentGCThread "G1 Conc#0" [stack: 0x0000001c9a800000,0x0000001c9a900000] [id=14328]
  0x000001ccbb674800 ConcurrentGCThread "G1 Refine#0" [stack: 0x0000001c9a900000,0x0000001c9aa00000] [id=28380]
  0x000001ccbb675000 ConcurrentGCThread "G1 Young RemSet Sampling" [stack: 0x0000001c9aa00000,0x0000001c9ab00000] [id=13964]

Threads with active compile tasks:
C2 CompilerThread0  53628 5729       4       sun.nio.fs.WindowsPathParser::normalize (233 bytes)
C1 CompilerThread0  53628 5863   !   3       com.google.common.util.concurrent.Uninterruptibles::getUninterruptibly (40 bytes)

VM state:not at safepoint (normal execution)

VM Mutex/Monitor currently owned by a thread: None

Heap address: 0x0000000080000000, size: 2048 MB, Compressed Oops mode: 32-bit
Narrow klass base: 0x0000000000000000, Narrow klass shift: 3
Compressed class space size: 1073741824 Address: 0x0000000100000000

Heap:
 garbage-first heap   total 110592K, used 63572K [0x0000000080000000, 0x0000000100000000)
  region size 1024K, 8 young (8192K), 2 survivors (2048K)
 Metaspace       used 50780K, capacity 52295K, committed 52352K, reserved 1095680K
  class space    used 6455K, capacity 7016K, committed 7040K, reserved 1048576K
Heap Regions: E=young(eden), S=young(survivor), O=old, HS=humongous(starts), HC=humongous(continues), CS=collection set, F=free, A=archive, TAMS=top-at-mark-start (previous, next)
|   0|0x0000000080000000, 0x0000000080100000, 0x0000000080100000|100%| O|  |TAMS 0x0000000080100000, 0x0000000080000000| Untracked 
|   1|0x0000000080100000, 0x0000000080200000, 0x0000000080200000|100%| O|  |TAMS 0x0000000080200000, 0x0000000080100000| Untracked 
|   2|0x0000000080200000, 0x0000000080300000, 0x0000000080300000|100%| O|  |TAMS 0x0000000080300000, 0x0000000080200000| Untracked 
|   3|0x0000000080300000, 0x0000000080400000, 0x0000000080400000|100%| O|  |TAMS 0x0000000080400000, 0x0000000080300000| Untracked 
|   4|0x0000000080400000, 0x0000000080500000, 0x0000000080500000|100%|HS|  |TAMS 0x0000000080500000, 0x0000000080400000| Complete 
|   5|0x0000000080500000, 0x0000000080600000, 0x0000000080600000|100%|HC|  |TAMS 0x0000000080600000, 0x0000000080500000| Complete 
|   6|0x0000000080600000, 0x0000000080700000, 0x0000000080700000|100%|HC|  |TAMS 0x0000000080700000, 0x0000000080600000| Complete 
|   7|0x0000000080700000, 0x0000000080800000, 0x0000000080800000|100%| O|  |TAMS 0x0000000080800000, 0x0000000080700000| Untracked 
|   8|0x0000000080800000, 0x0000000080900000, 0x0000000080900000|100%| O|  |TAMS 0x0000000080900000, 0x0000000080800000| Untracked 
|   9|0x0000000080900000, 0x0000000080a00000, 0x0000000080a00000|100%| O|  |TAMS 0x0000000080a00000, 0x0000000080900000| Untracked 
|  10|0x0000000080a00000, 0x0000000080b00000, 0x0000000080b00000|100%| O|  |TAMS 0x0000000080b00000, 0x0000000080a00000| Untracked 
|  11|0x0000000080b00000, 0x0000000080c00000, 0x0000000080c00000|100%| O|  |TAMS 0x0000000080c00000, 0x0000000080b00000| Untracked 
|  12|0x0000000080c00000, 0x0000000080d00000, 0x0000000080d00000|100%| O|  |TAMS 0x0000000080d00000, 0x0000000080c00000| Untracked 
|  13|0x0000000080d00000, 0x0000000080e00000, 0x0000000080e00000|100%| O|  |TAMS 0x0000000080e00000, 0x0000000080d00000| Untracked 
|  14|0x0000000080e00000, 0x0000000080f00000, 0x0000000080f00000|100%| O|  |TAMS 0x0000000080f00000, 0x0000000080e00000| Untracked 
|  15|0x0000000080f00000, 0x0000000081000000, 0x0000000081000000|100%| O|  |TAMS 0x0000000081000000, 0x0000000080f00000| Untracked 
|  16|0x0000000081000000, 0x0000000081100000, 0x0000000081100000|100%| O|  |TAMS 0x0000000081100000, 0x0000000081000000| Untracked 
|  17|0x0000000081100000, 0x0000000081200000, 0x0000000081200000|100%|HS|  |TAMS 0x0000000081200000, 0x0000000081100000| Complete 
|  18|0x0000000081200000, 0x0000000081300000, 0x0000000081300000|100%|HC|  |TAMS 0x0000000081300000, 0x0000000081200000| Complete 
|  19|0x0000000081300000, 0x0000000081400000, 0x0000000081400000|100%|HS|  |TAMS 0x0000000081400000, 0x0000000081300000| Complete 
|  20|0x0000000081400000, 0x0000000081500000, 0x0000000081500000|100%|HC|  |TAMS 0x0000000081500000, 0x0000000081400000| Complete 
|  21|0x0000000081500000, 0x0000000081600000, 0x0000000081600000|100%|HC|  |TAMS 0x0000000081600000, 0x0000000081500000| Complete 
|  22|0x0000000081600000, 0x0000000081700000, 0x0000000081700000|100%|HS|  |TAMS 0x0000000081700000, 0x0000000081600000| Complete 
|  23|0x0000000081700000, 0x0000000081800000, 0x0000000081800000|100%|HC|  |TAMS 0x0000000081800000, 0x0000000081700000| Complete 
|  24|0x0000000081800000, 0x0000000081900000, 0x0000000081900000|100%|HC|  |TAMS 0x0000000081900000, 0x0000000081800000| Complete 
|  25|0x0000000081900000, 0x0000000081a00000, 0x0000000081a00000|100%|HC|  |TAMS 0x0000000081a00000, 0x0000000081900000| Complete 
|  26|0x0000000081a00000, 0x0000000081b00000, 0x0000000081b00000|100%| O|  |TAMS 0x0000000081b00000, 0x0000000081a00000| Untracked 
|  27|0x0000000081b00000, 0x0000000081c00000, 0x0000000081c00000|100%| O|  |TAMS 0x0000000081c00000, 0x0000000081b00000| Untracked 
|  28|0x0000000081c00000, 0x0000000081d00000, 0x0000000081d00000|100%| O|  |TAMS 0x0000000081d00000, 0x0000000081c00000| Untracked 
|  29|0x0000000081d00000, 0x0000000081e00000, 0x0000000081e00000|100%| O|  |TAMS 0x0000000081e00000, 0x0000000081d00000| Untracked 
|  30|0x0000000081e00000, 0x0000000081f00000, 0x0000000081f00000|100%| O|  |TAMS 0x0000000081f00000, 0x0000000081e00000| Untracked 
|  31|0x0000000081f00000, 0x0000000082000000, 0x0000000082000000|100%| O|  |TAMS 0x0000000082000000, 0x0000000081f00000| Untracked 
|  32|0x0000000082000000, 0x0000000082100000, 0x0000000082100000|100%| O|  |TAMS 0x0000000082100000, 0x0000000082000000| Untracked 
|  33|0x0000000082100000, 0x0000000082200000, 0x0000000082200000|100%| O|  |TAMS 0x0000000082200000, 0x0000000082100000| Untracked 
|  34|0x0000000082200000, 0x0000000082300000, 0x0000000082300000|100%| O|  |TAMS 0x0000000082300000, 0x0000000082200000| Untracked 
|  35|0x0000000082300000, 0x0000000082400000, 0x0000000082400000|100%| O|  |TAMS 0x0000000082400000, 0x0000000082300000| Untracked 
|  36|0x0000000082400000, 0x0000000082500000, 0x0000000082500000|100%| O|  |TAMS 0x0000000082500000, 0x0000000082400000| Untracked 
|  37|0x0000000082500000, 0x0000000082600000, 0x0000000082600000|100%| O|  |TAMS 0x0000000082600000, 0x0000000082500000| Untracked 
|  38|0x0000000082600000, 0x0000000082700000, 0x0000000082700000|100%| O|  |TAMS 0x0000000082700000, 0x0000000082600000| Untracked 
|  39|0x0000000082700000, 0x0000000082800000, 0x0000000082800000|100%| O|  |TAMS 0x0000000082800000, 0x0000000082700000| Untracked 
|  40|0x0000000082800000, 0x0000000082900000, 0x0000000082900000|100%| O|  |TAMS 0x0000000082900000, 0x0000000082800000| Untracked 
|  41|0x0000000082900000, 0x0000000082a00000, 0x0000000082a00000|100%|HS|  |TAMS 0x0000000082a00000, 0x0000000082900000| Complete 
|  42|0x0000000082a00000, 0x0000000082b00000, 0x0000000082b00000|100%|HC|  |TAMS 0x0000000082b00000, 0x0000000082a00000| Complete 
|  43|0x0000000082b00000, 0x0000000082c00000, 0x0000000082c00000|100%|HC|  |TAMS 0x0000000082c00000, 0x0000000082b00000| Complete 
|  44|0x0000000082c00000, 0x0000000082d00000, 0x0000000082d00000|100%| O|  |TAMS 0x0000000082d00000, 0x0000000082c00000| Untracked 
|  45|0x0000000082d00000, 0x0000000082e00000, 0x0000000082e00000|100%| O|  |TAMS 0x0000000082e00000, 0x0000000082d00000| Untracked 
|  46|0x0000000082e00000, 0x0000000082f00000, 0x0000000082f00000|100%| O|  |TAMS 0x0000000082f00000, 0x0000000082e00000| Untracked 
|  47|0x0000000082f00000, 0x0000000083000000, 0x0000000083000000|100%| O|  |TAMS 0x0000000083000000, 0x0000000082f00000| Untracked 
|  48|0x0000000083000000, 0x0000000083100000, 0x0000000083100000|100%| O|  |TAMS 0x0000000083100000, 0x0000000083000000| Untracked 
|  49|0x0000000083100000, 0x0000000083200000, 0x0000000083200000|100%|HS|  |TAMS 0x0000000083200000, 0x0000000083100000| Complete 
|  50|0x0000000083200000, 0x0000000083300000, 0x0000000083300000|100%|HC|  |TAMS 0x0000000083300000, 0x0000000083200000| Complete 
|  51|0x0000000083300000, 0x0000000083400000, 0x0000000083400000|100%|HC|  |TAMS 0x0000000083400000, 0x0000000083300000| Complete 
|  52|0x0000000083400000, 0x0000000083500000, 0x0000000083500000|100%|HC|  |TAMS 0x0000000083500000, 0x0000000083400000| Complete 
|  53|0x0000000083500000, 0x0000000083600000, 0x0000000083600000|100%| O|  |TAMS 0x0000000083600000, 0x0000000083500000| Untracked 
|  54|0x0000000083600000, 0x0000000083700000, 0x0000000083700000|100%| O|  |TAMS 0x000000008367fc00, 0x0000000083600000| Untracked 
|  55|0x0000000083700000, 0x000000008376dc00, 0x0000000083800000| 42%| O|  |TAMS 0x0000000083700000, 0x0000000083700000| Untracked 
|  56|0x0000000083800000, 0x0000000083800000, 0x0000000083900000|  0%| F|  |TAMS 0x0000000083800000, 0x0000000083800000| Untracked 
|  57|0x0000000083900000, 0x0000000083900000, 0x0000000083a00000|  0%| F|  |TAMS 0x0000000083900000, 0x0000000083900000| Untracked 
|  58|0x0000000083a00000, 0x0000000083a00000, 0x0000000083b00000|  0%| F|  |TAMS 0x0000000083a00000, 0x0000000083a00000| Untracked 
|  59|0x0000000083b00000, 0x0000000083b00000, 0x0000000083c00000|  0%| F|  |TAMS 0x0000000083b00000, 0x0000000083b00000| Untracked 
|  60|0x0000000083c00000, 0x0000000083c00000, 0x0000000083d00000|  0%| F|  |TAMS 0x0000000083c00000, 0x0000000083c00000| Untracked 
|  61|0x0000000083d00000, 0x0000000083d00000, 0x0000000083e00000|  0%| F|  |TAMS 0x0000000083d00000, 0x0000000083d00000| Untracked 
|  62|0x0000000083e00000, 0x0000000083e00000, 0x0000000083f00000|  0%| F|  |TAMS 0x0000000083e00000, 0x0000000083e00000| Untracked 
|  63|0x0000000083f00000, 0x0000000083f00000, 0x0000000084000000|  0%| F|  |TAMS 0x0000000083f00000, 0x0000000083f00000| Untracked 
|  64|0x0000000084000000, 0x0000000084000000, 0x0000000084100000|  0%| F|  |TAMS 0x0000000084000000, 0x0000000084000000| Untracked 
|  65|0x0000000084100000, 0x0000000084100000, 0x0000000084200000|  0%| F|  |TAMS 0x0000000084100000, 0x0000000084100000| Untracked 
|  66|0x0000000084200000, 0x0000000084200000, 0x0000000084300000|  0%| F|  |TAMS 0x0000000084200000, 0x0000000084200000| Untracked 
|  67|0x0000000084300000, 0x0000000084300000, 0x0000000084400000|  0%| F|  |TAMS 0x0000000084300000, 0x0000000084300000| Untracked 
|  68|0x0000000084400000, 0x0000000084400000, 0x0000000084500000|  0%| F|  |TAMS 0x0000000084400000, 0x0000000084400000| Untracked 
|  69|0x0000000084500000, 0x0000000084500000, 0x0000000084600000|  0%| F|  |TAMS 0x0000000084500000, 0x0000000084500000| Untracked 
|  70|0x0000000084600000, 0x0000000084600000, 0x0000000084700000|  0%| F|  |TAMS 0x0000000084600000, 0x0000000084600000| Untracked 
|  71|0x0000000084700000, 0x0000000084700000, 0x0000000084800000|  0%| F|  |TAMS 0x0000000084700000, 0x0000000084700000| Untracked 
|  72|0x0000000084800000, 0x0000000084800000, 0x0000000084900000|  0%| F|  |TAMS 0x0000000084800000, 0x0000000084800000| Untracked 
|  73|0x0000000084900000, 0x00000000849a7420, 0x0000000084a00000| 65%| S|CS|TAMS 0x0000000084900000, 0x0000000084900000| Complete 
|  74|0x0000000084a00000, 0x0000000084a00000, 0x0000000084b00000|  0%| F|  |TAMS 0x0000000084a00000, 0x0000000084a00000| Untracked 
|  75|0x0000000084b00000, 0x0000000084c00000, 0x0000000084c00000|100%| S|CS|TAMS 0x0000000084b00000, 0x0000000084b00000| Complete 
|  76|0x0000000084c00000, 0x0000000084c00000, 0x0000000084d00000|  0%| F|  |TAMS 0x0000000084c00000, 0x0000000084c00000| Untracked 
|  77|0x0000000084d00000, 0x0000000084d00000, 0x0000000084e00000|  0%| F|  |TAMS 0x0000000084d00000, 0x0000000084d00000| Untracked 
|  78|0x0000000084e00000, 0x0000000084e00000, 0x0000000084f00000|  0%| F|  |TAMS 0x0000000084e00000, 0x0000000084e00000| Untracked 
|  79|0x0000000084f00000, 0x0000000084f00000, 0x0000000085000000|  0%| F|  |TAMS 0x0000000084f00000, 0x0000000084f00000| Untracked 
|  80|0x0000000085000000, 0x0000000085000000, 0x0000000085100000|  0%| F|  |TAMS 0x0000000085000000, 0x0000000085000000| Untracked 
|  81|0x0000000085100000, 0x0000000085100000, 0x0000000085200000|  0%| F|  |TAMS 0x0000000085100000, 0x0000000085100000| Untracked 
|  82|0x0000000085200000, 0x0000000085200000, 0x0000000085300000|  0%| F|  |TAMS 0x0000000085200000, 0x0000000085200000| Untracked 
|  83|0x0000000085300000, 0x0000000085300000, 0x0000000085400000|  0%| F|  |TAMS 0x0000000085300000, 0x0000000085300000| Untracked 
|  84|0x0000000085400000, 0x0000000085400000, 0x0000000085500000|  0%| F|  |TAMS 0x0000000085400000, 0x0000000085400000| Untracked 
|  85|0x0000000085500000, 0x0000000085500000, 0x0000000085600000|  0%| F|  |TAMS 0x0000000085500000, 0x0000000085500000| Untracked 
|  86|0x0000000085600000, 0x0000000085600000, 0x0000000085700000|  0%| F|  |TAMS 0x0000000085600000, 0x0000000085600000| Untracked 
|  87|0x0000000085700000, 0x0000000085700000, 0x0000000085800000|  0%| F|  |TAMS 0x0000000085700000, 0x0000000085700000| Untracked 
|  88|0x0000000085800000, 0x0000000085800000, 0x0000000085900000|  0%| F|  |TAMS 0x0000000085800000, 0x0000000085800000| Untracked 
|  89|0x0000000085900000, 0x0000000085900000, 0x0000000085a00000|  0%| F|  |TAMS 0x0000000085900000, 0x0000000085900000| Untracked 
|  90|0x0000000085a00000, 0x0000000085a00000, 0x0000000085b00000|  0%| F|  |TAMS 0x0000000085a00000, 0x0000000085a00000| Untracked 
|  91|0x0000000085b00000, 0x0000000085b00000, 0x0000000085c00000|  0%| F|  |TAMS 0x0000000085b00000, 0x0000000085b00000| Untracked 
|  92|0x0000000085c00000, 0x0000000085c00000, 0x0000000085d00000|  0%| F|  |TAMS 0x0000000085c00000, 0x0000000085c00000| Untracked 
|  93|0x0000000085d00000, 0x0000000085d00000, 0x0000000085e00000|  0%| F|  |TAMS 0x0000000085d00000, 0x0000000085d00000| Untracked 
|  94|0x0000000085e00000, 0x0000000085e00000, 0x0000000085f00000|  0%| F|  |TAMS 0x0000000085e00000, 0x0000000085e00000| Untracked 
|  95|0x0000000085f00000, 0x0000000085f00000, 0x0000000086000000|  0%| F|  |TAMS 0x0000000085f00000, 0x0000000085f00000| Untracked 
|  96|0x0000000086000000, 0x0000000086000000, 0x0000000086100000|  0%| F|  |TAMS 0x0000000086000000, 0x0000000086000000| Untracked 
|  97|0x0000000086100000, 0x0000000086100000, 0x0000000086200000|  0%| F|  |TAMS 0x0000000086100000, 0x0000000086100000| Untracked 
|  98|0x0000000086200000, 0x0000000086200000, 0x0000000086300000|  0%| F|  |TAMS 0x0000000086200000, 0x0000000086200000| Untracked 
|  99|0x0000000086300000, 0x0000000086300000, 0x0000000086400000|  0%| F|  |TAMS 0x0000000086300000, 0x0000000086300000| Untracked 
| 100|0x0000000086400000, 0x0000000086400000, 0x0000000086500000|  0%| F|  |TAMS 0x0000000086400000, 0x0000000086400000| Untracked 
| 101|0x0000000086500000, 0x0000000086500000, 0x0000000086600000|  0%| F|  |TAMS 0x0000000086500000, 0x0000000086500000| Untracked 
| 102|0x0000000086600000, 0x0000000086643e20, 0x0000000086700000| 26%| E|  |TAMS 0x0000000086600000, 0x0000000086600000| Complete 
| 103|0x0000000086700000, 0x0000000086800000, 0x0000000086800000|100%| E|CS|TAMS 0x0000000086700000, 0x0000000086700000| Complete 
| 104|0x0000000086800000, 0x0000000086900000, 0x0000000086900000|100%| E|CS|TAMS 0x0000000086800000, 0x0000000086800000| Complete 
| 105|0x0000000086900000, 0x0000000086a00000, 0x0000000086a00000|100%| E|CS|TAMS 0x0000000086900000, 0x0000000086900000| Complete 
| 106|0x0000000086a00000, 0x0000000086b00000, 0x0000000086b00000|100%| E|CS|TAMS 0x0000000086a00000, 0x0000000086a00000| Complete 
| 107|0x0000000086b00000, 0x0000000086c00000, 0x0000000086c00000|100%| E|CS|TAMS 0x0000000086b00000, 0x0000000086b00000| Complete 

Card table byte_map: [0x000001ccb4bf0000,0x000001ccb4ff0000] _byte_map_base: 0x000001ccb47f0000

Marking Bits (Prev, Next): (CMBitMap*) 0x000001cca0152ae8, (CMBitMap*) 0x000001cca0152b20
 Prev Bits: [0x000001ccb53f0000, 0x000001ccb73f0000)
 Next Bits: [0x000001ccb73f0000, 0x000001ccb93f0000)

Polling page: 0x000001cca01a0000

Metaspace:

Usage:
  Non-class:     44.22 MB capacity,    43.29 MB ( 98%) used,   810.87 KB (  2%) free+waste,   136.13 KB ( <1%) overhead. 
      Class:      6.85 MB capacity,     6.30 MB ( 92%) used,   495.60 KB (  7%) free+waste,    65.13 KB ( <1%) overhead. 
       Both:     51.07 MB capacity,    49.60 MB ( 97%) used,     1.28 MB (  2%) free+waste,   201.25 KB ( <1%) overhead. 

Virtual space:
  Non-class space:       46.00 MB reserved,      44.25 MB ( 96%) committed 
      Class space:        1.00 GB reserved,       6.88 MB ( <1%) committed 
             Both:        1.04 GB reserved,      51.13 MB (  5%) committed 

Chunk freelists:
   Non-Class:  33.00 KB
       Class:  24.00 KB
        Both:  57.00 KB

MaxMetaspaceSize: 17179869184.00 GB
CompressedClassSpaceSize: 1.00 GB

CodeHeap 'non-profiled nmethods': size=120064Kb used=3042Kb max_used=3042Kb free=117021Kb
 bounds [0x000001ccaceb0000, 0x000001ccad1b0000, 0x000001ccb43f0000]
CodeHeap 'profiled nmethods': size=120000Kb used=12477Kb max_used=12477Kb free=107522Kb
 bounds [0x000001cca5980000, 0x000001cca65b0000, 0x000001ccaceb0000]
CodeHeap 'non-nmethods': size=5696Kb used=2214Kb max_used=2240Kb free=3481Kb
 bounds [0x000001cca53f0000, 0x000001cca5660000, 0x000001cca5980000]
 total_blobs=6658 nmethods=5859 adapters=710
 compilation: enabled
              stopped_count=0, restarted_count=0
 full_count=0

Compilation events (20 events):
Event: 53.394 Thread 0x000001ccbb83c800 5759       1       org.gradle.api.internal.artifacts.ivyservice.modulecache.artifacts.ArtifactAtRepositoryKey::getArtifactId (5 bytes)
Event: 53.394 Thread 0x000001ccbb83c800 nmethod 5759 0x000001ccad1a3010 code [0x000001ccad1a31c0, 0x000001ccad1a3278]
Event: 53.395 Thread 0x000001ccbb83c800 5760       3       org.gradle.api.internal.artifacts.ivyservice.modulecache.artifacts.ArtifactAtRepositoryKey::hashCode (16 bytes)
Event: 53.396 Thread 0x000001ccbb83c800 nmethod 5760 0x000001cca656ad90 code [0x000001cca656af60, 0x000001cca656b178]
Event: 53.402 Thread 0x000001ccbb83c800 5761       1       org.gradle.api.internal.artifacts.ivyservice.ivyresolve.CachingModuleComponentRepository::access$1400 (5 bytes)
Event: 53.402 Thread 0x000001ccbb83c800 nmethod 5761 0x000001ccad1a3310 code [0x000001ccad1a34c0, 0x000001ccad1a3558]
Event: 53.402 Thread 0x000001ccbb83c800 5762       1       org.gradle.api.internal.artifacts.ivyservice.modulecache.artifacts.DefaultCachedArtifact::getCachedAt (5 bytes)
Event: 53.402 Thread 0x000001ccbb83c800 nmethod 5762 0x000001ccad1a3610 code [0x000001ccad1a37c0, 0x000001ccad1a3878]
Event: 53.402 Thread 0x000001ccbb83c800 5763       3       org.gradle.api.internal.artifacts.ivyservice.modulecache.artifacts.DefaultCachedArtifact::isMissing (13 bytes)
Event: 53.402 Thread 0x000001ccbb83c800 nmethod 5763 0x000001cca656b290 code [0x000001cca656b440, 0x000001cca656b598]
Event: 53.402 Thread 0x000001ccbb83c800 5764       1       org.gradle.api.internal.artifacts.ivyservice.modulecache.artifacts.DefaultCachedArtifact::getDescriptorHash (5 bytes)
Event: 53.402 Thread 0x000001ccbb83c800 nmethod 5764 0x000001ccad1a3910 code [0x000001ccad1a3ac0, 0x000001ccad1a3b78]
Event: 53.403 Thread 0x000001ccbb83c800 5765       1       org.gradle.api.internal.artifacts.ivyservice.resolutionstrategy.DefaultCachePolicy$AbstractResolutionControl::getCachedResult (5 bytes)
Event: 53.403 Thread 0x000001ccbb83c800 nmethod 5765 0x000001ccad1a3c10 code [0x000001ccad1a3dc0, 0x000001ccad1a3e78]
Event: 53.403 Thread 0x000001ccbb83c800 5766       1       org.gradle.api.internal.artifacts.ivyservice.resolutionstrategy.DefaultCachePolicy$CachedArtifactResolutionControl::belongsToChangingModule (5 bytes)
Event: 53.403 Thread 0x000001ccbb83c800 nmethod 5766 0x000001ccad1a3f10 code [0x000001ccad1a40c0, 0x000001ccad1a4178]
Event: 53.410 Thread 0x000001ccbb83c800 5767       3       org.gradle.internal.resources.DefaultResourceLockCoordinationService::getCurrent (42 bytes)
Event: 53.411 Thread 0x000001ccbb83c800 nmethod 5767 0x000001cca656b610 code [0x000001cca656b820, 0x000001cca656be58]
Event: 53.411 Thread 0x000001ccbb83c800 5768       3       java.util.ArrayList::remove (76 bytes)
Event: 53.412 Thread 0x000001ccbb83c800 nmethod 5768 0x000001cca656c010 code [0x000001cca656c200, 0x000001cca656c6d8]

GC Heap History (20 events):
Event: 45.466 GC heap before
{Heap before GC invocations=47 (full 0):
 garbage-first heap   total 63488K, used 51827K [0x0000000080000000, 0x0000000100000000)
  region size 1024K, 3 young (3072K), 1 survivors (1024K)
 Metaspace       used 46615K, capacity 47843K, committed 48128K, reserved 1091584K
  class space    used 5894K, capacity 6329K, committed 6400K, reserved 1048576K
}
Event: 45.470 GC heap after
{Heap after GC invocations=48 (full 0):
 garbage-first heap   total 63488K, used 49894K [0x0000000080000000, 0x0000000100000000)
  region size 1024K, 1 young (1024K), 1 survivors (1024K)
 Metaspace       used 46615K, capacity 47843K, committed 48128K, reserved 1091584K
  class space    used 5894K, capacity 6329K, committed 6400K, reserved 1048576K
}
Event: 45.732 GC heap before
{Heap before GC invocations=49 (full 0):
 garbage-first heap   total 63488K, used 56038K [0x0000000080000000, 0x0000000100000000)
  region size 1024K, 3 young (3072K), 1 survivors (1024K)
 Metaspace       used 46666K, capacity 47864K, committed 48128K, reserved 1091584K
  class space    used 5903K, capacity 6335K, committed 6400K, reserved 1048576K
}
Event: 45.737 GC heap after
{Heap after GC invocations=50 (full 0):
 garbage-first heap   total 76800K, used 54636K [0x0000000080000000, 0x0000000100000000)
  region size 1024K, 1 young (1024K), 1 survivors (1024K)
 Metaspace       used 46666K, capacity 47864K, committed 48128K, reserved 1091584K
  class space    used 5903K, capacity 6335K, committed 6400K, reserved 1048576K
}
Event: 45.954 GC heap before
{Heap before GC invocations=50 (full 0):
 garbage-first heap   total 76800K, used 59756K [0x0000000080000000, 0x0000000100000000)
  region size 1024K, 7 young (7168K), 1 survivors (1024K)
 Metaspace       used 47023K, capacity 48249K, committed 48384K, reserved 1091584K
  class space    used 5960K, capacity 6399K, committed 6400K, reserved 1048576K
}
Event: 45.960 GC heap after
{Heap after GC invocations=51 (full 0):
 garbage-first heap   total 76800K, used 55512K [0x0000000080000000, 0x0000000100000000)
  region size 1024K, 1 young (1024K), 1 survivors (1024K)
 Metaspace       used 47023K, capacity 48249K, committed 48384K, reserved 1091584K
  class space    used 5960K, capacity 6399K, committed 6400K, reserved 1048576K
}
Event: 46.392 GC heap before
{Heap before GC invocations=52 (full 0):
 garbage-first heap   total 76800K, used 60632K [0x0000000080000000, 0x0000000100000000)
  region size 1024K, 6 young (6144K), 1 survivors (1024K)
 Metaspace       used 47326K, capacity 48490K, committed 48768K, reserved 1091584K
  class space    used 6006K, capacity 6434K, committed 6528K, reserved 1048576K
}
Event: 46.396 GC heap after
{Heap after GC invocations=53 (full 0):
 garbage-first heap   total 76800K, used 55536K [0x0000000080000000, 0x0000000100000000)
  region size 1024K, 1 young (1024K), 1 survivors (1024K)
 Metaspace       used 47326K, capacity 48490K, committed 48768K, reserved 1091584K
  class space    used 6006K, capacity 6434K, committed 6528K, reserved 1048576K
}
Event: 46.874 GC heap before
{Heap before GC invocations=53 (full 0):
 garbage-first heap   total 76800K, used 61680K [0x0000000080000000, 0x0000000100000000)
  region size 1024K, 7 young (7168K), 1 survivors (1024K)
 Metaspace       used 47677K, capacity 49009K, committed 49280K, reserved 1091584K
  class space    used 6063K, capacity 6505K, committed 6528K, reserved 1048576K
}
Event: 46.879 GC heap after
{Heap after GC invocations=54 (full 0):
 garbage-first heap   total 76800K, used 55835K [0x0000000080000000, 0x0000000100000000)
  region size 1024K, 1 young (1024K), 1 survivors (1024K)
 Metaspace       used 47677K, capacity 49009K, committed 49280K, reserved 1091584K
  class space    used 6063K, capacity 6505K, committed 6528K, reserved 1048576K
}
Event: 47.206 GC heap before
{Heap before GC invocations=55 (full 0):
 garbage-first heap   total 76800K, used 61979K [0x0000000080000000, 0x0000000100000000)
  region size 1024K, 7 young (7168K), 1 survivors (1024K)
 Metaspace       used 47942K, capacity 49222K, committed 49408K, reserved 1091584K
  class space    used 6113K, capacity 6576K, committed 6656K, reserved 1048576K
}
Event: 47.212 GC heap after
{Heap after GC invocations=56 (full 0):
 garbage-first heap   total 92160K, used 56059K [0x0000000080000000, 0x0000000100000000)
  region size 1024K, 1 young (1024K), 1 survivors (1024K)
 Metaspace       used 47942K, capacity 49222K, committed 49408K, reserved 1091584K
  class space    used 6113K, capacity 6576K, committed 6656K, reserved 1048576K
}
Event: 47.990 GC heap before
{Heap before GC invocations=56 (full 0):
 garbage-first heap   total 92160K, used 67323K [0x0000000080000000, 0x0000000100000000)
  region size 1024K, 12 young (12288K), 1 survivors (1024K)
 Metaspace       used 48796K, capacity 50196K, committed 50304K, reserved 1093632K
  class space    used 6257K, capacity 6774K, committed 6784K, reserved 1048576K
}
Event: 47.997 GC heap after
{Heap after GC invocations=57 (full 0):
 garbage-first heap   total 92160K, used 56645K [0x0000000080000000, 0x0000000100000000)
  region size 1024K, 2 young (2048K), 2 survivors (2048K)
 Metaspace       used 48796K, capacity 50196K, committed 50304K, reserved 1093632K
  class space    used 6257K, capacity 6774K, committed 6784K, reserved 1048576K
}
Event: 48.805 GC heap before
{Heap before GC invocations=58 (full 0):
 garbage-first heap   total 92160K, used 68933K [0x0000000080000000, 0x0000000100000000)
  region size 1024K, 14 young (14336K), 2 survivors (2048K)
 Metaspace       used 49732K, capacity 51269K, committed 51584K, reserved 1093632K
  class space    used 6385K, capacity 6917K, committed 7040K, reserved 1048576K
}
Event: 48.812 GC heap after
{Heap after GC invocations=59 (full 0):
 garbage-first heap   total 92160K, used 56831K [0x0000000080000000, 0x0000000100000000)
  region size 1024K, 1 young (1024K), 1 survivors (1024K)
 Metaspace       used 49732K, capacity 51269K, committed 51584K, reserved 1093632K
  class space    used 6385K, capacity 6917K, committed 7040K, reserved 1048576K
}
Event: 51.065 GC heap before
{Heap before GC invocations=59 (full 0):
 garbage-first heap   total 92160K, used 70143K [0x0000000080000000, 0x0000000100000000)
  region size 1024K, 14 young (14336K), 1 survivors (1024K)
 Metaspace       used 50226K, capacity 51728K, committed 51840K, reserved 1093632K
  class space    used 6421K, capacity 6960K, committed 7040K, reserved 1048576K
}
Event: 51.077 GC heap after
{Heap after GC invocations=60 (full 0):
 garbage-first heap   total 92160K, used 57818K [0x0000000080000000, 0x0000000100000000)
  region size 1024K, 2 young (2048K), 2 survivors (2048K)
 Metaspace       used 50226K, capacity 51728K, committed 51840K, reserved 1093632K
  class space    used 6421K, capacity 6960K, committed 7040K, reserved 1048576K
}
Event: 53.009 GC heap before
{Heap before GC invocations=61 (full 0):
 garbage-first heap   total 92160K, used 70106K [0x0000000080000000, 0x0000000100000000)
  region size 1024K, 15 young (15360K), 2 survivors (2048K)
 Metaspace       used 50664K, capacity 52162K, committed 52352K, reserved 1095680K
  class space    used 6455K, capacity 7016K, committed 7040K, reserved 1048576K
}
Event: 53.021 GC heap after
{Heap after GC invocations=62 (full 0):
 garbage-first heap   total 110592K, used 58452K [0x0000000080000000, 0x0000000100000000)
  region size 1024K, 2 young (2048K), 2 survivors (2048K)
 Metaspace       used 50664K, capacity 52162K, committed 52352K, reserved 1095680K
  class space    used 6455K, capacity 7016K, committed 7040K, reserved 1048576K
}

Deoptimization events (20 events):
Event: 52.347 Thread 0x000001ccbc640000 Uncommon trap: trap_request=0xffffffc6 fr.pc=0x000001ccad1843cc relative=0x00000000000004cc
Event: 52.347 Thread 0x000001ccbc640000 Uncommon trap: reason=bimorphic_or_optimized_type_check action=maybe_recompile pc=0x000001ccad1843cc method=com.google.common.collect.ImmutableList.copyOf(Ljava/util/Collection;)Lcom/google/common/collect/ImmutableList; @ 35 c2
Event: 52.347 Thread 0x000001ccbc640000 DEOPT PACKING pc=0x000001ccad1843cc sp=0x0000001c9bdf88e0
Event: 52.347 Thread 0x000001ccbc640000 DEOPT UNPACKING pc=0x000001cca54162a9 sp=0x0000001c9bdf88a8 mode 2
Event: 52.347 Thread 0x000001ccbc640000 Uncommon trap: trap_request=0xffffffc6 fr.pc=0x000001ccad1843cc relative=0x00000000000004cc
Event: 52.347 Thread 0x000001ccbc640000 Uncommon trap: reason=bimorphic_or_optimized_type_check action=maybe_recompile pc=0x000001ccad1843cc method=com.google.common.collect.ImmutableList.copyOf(Ljava/util/Collection;)Lcom/google/common/collect/ImmutableList; @ 35 c2
Event: 52.347 Thread 0x000001ccbc640000 DEOPT PACKING pc=0x000001ccad1843cc sp=0x0000001c9bdf8810
Event: 52.347 Thread 0x000001ccbc640000 DEOPT UNPACKING pc=0x000001cca54162a9 sp=0x0000001c9bdf87d8 mode 2
Event: 52.696 Thread 0x000001ccbc640000 Uncommon trap: trap_request=0xffffff4d fr.pc=0x000001ccad183654 relative=0x0000000000000274
Event: 52.697 Thread 0x000001ccbc640000 Uncommon trap: reason=unstable_if action=reinterpret pc=0x000001ccad183654 method=com.esotericsoftware.kryo.io.Output.writeString(Ljava/lang/CharSequence;)V @ 1 c2
Event: 52.697 Thread 0x000001ccbc640000 DEOPT PACKING pc=0x000001ccad183654 sp=0x0000001c9bdf7180
Event: 52.697 Thread 0x000001ccbc640000 DEOPT UNPACKING pc=0x000001cca54162a9 sp=0x0000001c9bdf7118 mode 2
Event: 52.797 Thread 0x000001ccbe9b3000 DEOPT PACKING pc=0x000001cca613c6f4 sp=0x0000001c9d3fd960
Event: 52.797 Thread 0x000001ccbe9b3000 DEOPT UNPACKING pc=0x000001cca54166bf sp=0x0000001c9d3fcf00 mode 0
Event: 52.951 Thread 0x000001ccbe9b3000 DEOPT PACKING pc=0x000001cca613c6f4 sp=0x0000001c9d3fd960
Event: 52.951 Thread 0x000001ccbe9b3000 DEOPT UNPACKING pc=0x000001cca54166bf sp=0x0000001c9d3fcf00 mode 0
Event: 53.141 Thread 0x000001ccbe9b3000 DEOPT PACKING pc=0x000001cca613c6f4 sp=0x0000001c9d3fd960
Event: 53.141 Thread 0x000001ccbe9b3000 DEOPT UNPACKING pc=0x000001cca54166bf sp=0x0000001c9d3fcf00 mode 0
Event: 53.331 Thread 0x000001ccbc640000 DEOPT PACKING pc=0x000001cca613c6f4 sp=0x0000001c9bdf6ea0
Event: 53.331 Thread 0x000001ccbc640000 DEOPT UNPACKING pc=0x000001cca54166bf sp=0x0000001c9bdf6440 mode 0

Classes redefined (0 events):
No events

Internal exceptions (20 events):
Event: 47.024 Thread 0x000001ccbc640000 Exception <a 'java/lang/ClassNotFoundException'{0x0000000084a06aa8}: org/codehaus/groovy/reflection/CachedFieldBeanInfo> (0x0000000084a06aa8) thrown at [./src/hotspot/share/classfile/systemDictionary.cpp, line 231]
Event: 47.025 Thread 0x000001ccbc640000 Exception <a 'java/lang/ClassNotFoundException'{0x0000000084a28f88}: groovy/lang/MetaPropertyBeanInfo> (0x0000000084a28f88) thrown at [./src/hotspot/share/classfile/systemDictionary.cpp, line 231]
Event: 47.026 Thread 0x000001ccbc640000 Exception <a 'java/lang/ClassNotFoundException'{0x0000000084a4c058}: groovy/lang/MetaPropertyCustomizer> (0x0000000084a4c058) thrown at [./src/hotspot/share/classfile/systemDictionary.cpp, line 231]
Event: 47.031 Thread 0x000001ccbc640000 Exception <a 'java/lang/ClassNotFoundException'{0x00000000849d70e0}: org/codehaus/groovy/reflection/CachedFieldCustomizer> (0x00000000849d70e0) thrown at [./src/hotspot/share/classfile/systemDictionary.cpp, line 231]
Event: 47.082 Thread 0x000001ccbc640000 Exception <a 'java/lang/ClassNotFoundException'{0x0000000084889ba8}: org/gradle/tooling/provider/model/internal/DefaultToolingModelBuilderRegistry$1BeanInfo> (0x0000000084889ba8) thrown at [./src/hotspot/share/classfile/systemDictionary.cpp, line 231]
Event: 47.083 Thread 0x000001ccbc640000 Exception <a 'java/lang/ClassNotFoundException'{0x00000000848a7378}: org/gradle/tooling/provider/model/internal/DefaultToolingModelBuilderRegistry$1Customizer> (0x00000000848a7378) thrown at [./src/hotspot/share/classfile/systemDictionary.cpp, line 231]
Event: 47.093 Thread 0x000001ccbc640000 Exception <a 'java/lang/ClassNotFoundException'{0x0000000084716ea8}: java/util/CollectionBeanInfo> (0x0000000084716ea8) thrown at [./src/hotspot/share/classfile/systemDictionary.cpp, line 231]
Event: 47.093 Thread 0x000001ccbc640000 Exception <a 'java/lang/ClassNotFoundException'{0x00000000847221e0}: java/util/CollectionCustomizer> (0x00000000847221e0) thrown at [./src/hotspot/share/classfile/systemDictionary.cpp, line 231]
Event: 47.258 Thread 0x000001ccbc640000 Implicit null exception at 0x000001ccacf8c574 to 0x000001ccacf8c784
Event: 47.258 Thread 0x000001ccbc640000 Implicit null exception at 0x000001ccaced7278 to 0x000001ccaced730a
Event: 47.705 Thread 0x000001ccbc640000 Exception <a 'java/lang/ClassNotFoundException'{0x00000000855c0c90}: build_2dl86upqpunol3dj6baizw23kBeanInfo> (0x00000000855c0c90) thrown at [./src/hotspot/share/classfile/systemDictionary.cpp, line 231]
Event: 47.706 Thread 0x000001ccbc640000 Exception <a 'java/lang/ClassNotFoundException'{0x00000000855d7ed0}: org/gradle/api/internal/project/ProjectScriptBeanInfo> (0x00000000855d7ed0) thrown at [./src/hotspot/share/classfile/systemDictionary.cpp, line 231]
Event: 47.706 Thread 0x000001ccbc640000 Exception <a 'java/lang/ClassNotFoundException'{0x00000000855ee598}: org/gradle/api/internal/project/ProjectScriptCustomizer> (0x00000000855ee598) thrown at [./src/hotspot/share/classfile/systemDictionary.cpp, line 231]
Event: 47.709 Thread 0x000001ccbc640000 Exception <a 'java/lang/ClassNotFoundException'{0x0000000085409d18}: build_2dl86upqpunol3dj6baizw23kCustomizer> (0x0000000085409d18) thrown at [./src/hotspot/share/classfile/systemDictionary.cpp, line 231]
Event: 47.780 Thread 0x000001ccbc640000 Exception <a 'java/lang/ClassNotFoundException'{0x000000008539ec90}: org/gradle/plugin/use/internal/PluginRequestCollector$PluginDependenciesSpecImplBeanInfo> (0x000000008539ec90) thrown at [./src/hotspot/share/classfile/systemDictionary.cpp, line 231]
Event: 47.790 Thread 0x000001ccbc640000 Exception <a 'java/lang/ClassNotFoundException'{0x00000000853cdcc8}: org/gradle/plugin/use/internal/PluginRequestCollector$PluginDependenciesSpecImplCustomizer> (0x00000000853cdcc8) thrown at [./src/hotspot/share/classfile/systemDictionary.cpp, line 231]
Event: 47.813 Thread 0x000001ccbc640000 Exception <a 'java/lang/ClassNotFoundException'{0x000000008522dcb0}: org/gradle/plugin/use/internal/PluginRequestCollector$PluginDependencySpecImplBeanInfo> (0x000000008522dcb0) thrown at [./src/hotspot/share/classfile/systemDictionary.cpp, line 231]
Event: 47.814 Thread 0x000001ccbc640000 Exception <a 'java/lang/ClassNotFoundException'{0x000000008525bf88}: org/gradle/plugin/use/internal/PluginRequestCollector$PluginDependencySpecImplCustomizer> (0x000000008525bf88) thrown at [./src/hotspot/share/classfile/systemDictionary.cpp, line 231]
Event: 48.897 Thread 0x000001ccbc640000 Exception <a 'java/lang/NoSuchMethodError'{0x0000000085877b28}: 'void java.lang.invoke.DirectMethodHandle$Holder.invokeStatic(java.lang.Object, java.lang.Object, java.lang.Object, int, java.lang.Object)'> (0x0000000085877b28) thrown at [./src/hotspot/share/interpreter/linkResolver.cpp, line 773]
Event: 52.696 Thread 0x000001ccbc640000 Implicit null exception at 0x000001ccad18340f to 0x000001ccad183644

Events (20 events):
Event: 52.592 loading class org/gradle/api/internal/artifacts/DefaultArtifactIdentifier done
Event: 52.593 Executing VM operation: RevokeBias
Event: 52.593 Executing VM operation: RevokeBias done
Event: 52.594 loading class org/gradle/api/internal/artifacts/ivyservice/resolutionstrategy/DefaultCachePolicy$CachedArtifactResolutionControl
Event: 52.594 loading class org/gradle/api/internal/artifacts/ivyservice/resolutionstrategy/DefaultCachePolicy$CachedArtifactResolutionControl done
Event: 52.595 loading class org/gradle/api/internal/artifacts/DownloadArtifactBuildOperationType
Event: 52.595 loading class org/gradle/api/internal/artifacts/DownloadArtifactBuildOperationType done
Event: 52.596 loading class org/gradle/api/internal/artifacts/DownloadArtifactBuildOperationType$Result
Event: 52.596 loading class org/gradle/api/internal/artifacts/DownloadArtifactBuildOperationType$Result done
Event: 52.596 loading class org/gradle/api/internal/artifacts/DownloadArtifactBuildOperationType$1
Event: 52.596 loading class org/gradle/api/internal/artifacts/DownloadArtifactBuildOperationType$1 done
Event: 52.654 Executing VM operation: RevokeBias
Event: 52.654 Executing VM operation: RevokeBias done
Event: 52.654 Executing VM operation: RevokeBias
Event: 52.655 Executing VM operation: RevokeBias done
Event: 52.703 Executing VM operation: RevokeBias
Event: 52.704 Executing VM operation: RevokeBias done
Event: 52.786 Loaded shared library E:\AndroidStudio\jre\bin\java.dll
Event: 53.009 Executing VM operation: G1CollectForAllocation
Event: 53.021 Executing VM operation: G1CollectForAllocation done


Dynamic libraries:
0x00007ff79e520000 - 0x00007ff79e52a000 	E:\AndroidStudio\jre\bin\java.exe
0x00007ff834820000 - 0x00007ff834a10000 	C:\Windows\SYSTEM32\ntdll.dll
0x00007ff833130000 - 0x00007ff8331e3000 	C:\Windows\System32\KERNEL32.DLL
0x00007ff831790000 - 0x00007ff831a35000 	C:\Windows\System32\KERNELBASE.dll
0x00007ff831ce0000 - 0x00007ff831dda000 	C:\Windows\System32\ucrtbase.dll
0x00007ff81a1e0000 - 0x00007ff81a1f9000 	E:\AndroidStudio\jre\bin\jli.dll
0x00007ff818340000 - 0x00007ff818357000 	E:\AndroidStudio\jre\bin\VCRUNTIME140.dll
0x00007ff833540000 - 0x00007ff8336d4000 	C:\Windows\System32\USER32.dll
0x00007ff831e70000 - 0x00007ff831e91000 	C:\Windows\System32\win32u.dll
0x00007ff834340000 - 0x00007ff834366000 	C:\Windows\System32\GDI32.dll
0x00007ff831a40000 - 0x00007ff831bd8000 	C:\Windows\System32\gdi32full.dll
0x00007ff831be0000 - 0x00007ff831c7e000 	C:\Windows\System32\msvcp_win.dll
0x00007ff822750000 - 0x00007ff8229d4000 	C:\Windows\WinSxS\amd64_microsoft.windows.common-controls_6595b64144ccf1df_6.0.18362.2037_none_9e7c226de460245a\COMCTL32.dll
0x00007ff832940000 - 0x00007ff8329de000 	C:\Windows\System32\msvcrt.dll
0x00007ff833910000 - 0x00007ff833c46000 	C:\Windows\System32\combase.dll
0x00007ff834630000 - 0x00007ff83474b000 	C:\Windows\System32\RPCRT4.dll
0x00007ff831de0000 - 0x00007ff831e64000 	C:\Windows\System32\bcryptPrimitives.dll
0x00007ff8332a0000 - 0x00007ff8332ce000 	C:\Windows\System32\IMM32.DLL
0x000000005d580000 - 0x000000005d58c000 	D:\360\Total Security\safemon\SafeWrapper.dll
0x00007ff834580000 - 0x00007ff834625000 	C:\Windows\System32\ADVAPI32.dll
0x00007ff8332d0000 - 0x00007ff833368000 	C:\Windows\System32\sechost.dll
0x00007ff815fc0000 - 0x00007ff816052000 	D:\360\Total Security\safemon\libzdtp64.dll
0x00007ff833c50000 - 0x00007ff834337000 	C:\Windows\System32\SHELL32.dll
0x00007ff8320f0000 - 0x00007ff83213a000 	C:\Windows\System32\cfgmgr32.dll
0x00007ff8331f0000 - 0x00007ff833299000 	C:\Windows\System32\shcore.dll
0x00007ff832140000 - 0x00007ff8328bc000 	C:\Windows\System32\windows.storage.dll
0x00007ff831700000 - 0x00007ff83171e000 	C:\Windows\System32\profapi.dll
0x00007ff831720000 - 0x00007ff83176a000 	C:\Windows\System32\powrprof.dll
0x00007ff8316d0000 - 0x00007ff8316e0000 	C:\Windows\System32\UMPDC.dll
0x00007ff8344a0000 - 0x00007ff8344f2000 	C:\Windows\System32\shlwapi.dll
0x00007ff8316e0000 - 0x00007ff8316f1000 	C:\Windows\System32\kernel.appcore.dll
0x00007ff831ea0000 - 0x00007ff831eb7000 	C:\Windows\System32\cryptsp.dll
0x00007ff8312b0000 - 0x00007ff8312ba000 	C:\Windows\SYSTEM32\VERSION.dll
0x00007ff808260000 - 0x00007ff8082fd000 	E:\AndroidStudio\jre\bin\msvcp140.dll
0x00007fffd9910000 - 0x00007fffda3e5000 	E:\AndroidStudio\jre\bin\server\jvm.dll
0x00007ff832930000 - 0x00007ff832938000 	C:\Windows\System32\PSAPI.DLL
0x00007ff82b450000 - 0x00007ff82b459000 	C:\Windows\SYSTEM32\WSOCK32.dll
0x00007ff833390000 - 0x00007ff8333ff000 	C:\Windows\System32\WS2_32.dll
0x00007ff82d070000 - 0x00007ff82d094000 	C:\Windows\SYSTEM32\WINMM.dll
0x00007ff82d040000 - 0x00007ff82d06d000 	C:\Windows\SYSTEM32\winmmbase.dll
0x00007ff82a400000 - 0x00007ff82a411000 	E:\AndroidStudio\jre\bin\verify.dll
0x00007ff82f3e0000 - 0x00007ff82f5d4000 	C:\Windows\SYSTEM32\DBGHELP.DLL
0x00007ff81fea0000 - 0x00007ff81feca000 	C:\Windows\SYSTEM32\dbgcore.DLL
0x00007ff821b90000 - 0x00007ff821bb9000 	E:\AndroidStudio\jre\bin\java.dll
0x00007ff82aff0000 - 0x00007ff82affb000 	E:\AndroidStudio\jre\bin\jimage.dll
0x00007ff81d7d0000 - 0x00007ff81d7e8000 	E:\AndroidStudio\jre\bin\zip.dll
0x00007ff81c3b0000 - 0x00007ff81c3ca000 	E:\AndroidStudio\jre\bin\net.dll
0x00007ff822650000 - 0x00007ff822749000 	C:\Windows\SYSTEM32\WINHTTP.dll
0x00007ff830ea0000 - 0x00007ff830f07000 	C:\Windows\system32\mswsock.dll
0x00007ff81c390000 - 0x00007ff81c3a4000 	E:\AndroidStudio\jre\bin\nio.dll
0x00007ff818420000 - 0x00007ff818447000 	E:\.gradle\native\e1d6ef7f7dcc3fd88c89a11ec53ec762bb8ba0a96d01ffa2cd45eb1d1d8dd5c5\windows-amd64\native-platform.dll
0x00007ff800170000 - 0x00007ff8002b4000 	E:\.gradle\native\5664cfc778a61ccfe75a443a1ab52a65af34e5dc3c78e0209fed803814484fcb\windows-amd64\native-platform-file-events.dll
0x00007ff82a4f0000 - 0x00007ff82a4fa000 	E:\AndroidStudio\jre\bin\management.dll
0x00007ff82a3f0000 - 0x00007ff82a3fd000 	E:\AndroidStudio\jre\bin\management_ext.dll
0x00007ff830a20000 - 0x00007ff830a53000 	C:\Windows\system32\rsaenh.dll
0x00007ff831f70000 - 0x00007ff831f96000 	C:\Windows\System32\bcrypt.dll
0x00007ff8315c0000 - 0x00007ff8315e5000 	C:\Windows\SYSTEM32\USERENV.dll
0x00007ff831070000 - 0x00007ff83107c000 	C:\Windows\SYSTEM32\CRYPTBASE.dll
0x00007ff830bb0000 - 0x00007ff830bea000 	C:\Windows\SYSTEM32\IPHLPAPI.DLL
0x00007ff834750000 - 0x00007ff834758000 	C:\Windows\System32\NSI.dll
0x00007ff82d9f0000 - 0x00007ff82da06000 	C:\Windows\SYSTEM32\dhcpcsvc6.DLL
0x00007ff82d9d0000 - 0x00007ff82d9ec000 	C:\Windows\SYSTEM32\dhcpcsvc.DLL
0x00007ff830bf0000 - 0x00007ff830cba000 	C:\Windows\SYSTEM32\DNSAPI.dll

dbghelp: loaded successfully - version: 4.0.5 - missing functions: none
symbol engine: initialized successfully - sym options: 0x614 - pdb path: .;E:\AndroidStudio\jre\bin;C:\Windows\SYSTEM32;C:\Windows\WinSxS\amd64_microsoft.windows.common-controls_6595b64144ccf1df_6.0.18362.2037_none_9e7c226de460245a;D:\360\Total Security\safemon;E:\AndroidStudio\jre\bin\server;E:\.gradle\native\e1d6ef7f7dcc3fd88c89a11ec53ec762bb8ba0a96d01ffa2cd45eb1d1d8dd5c5\windows-amd64;E:\.gradle\native\5664cfc778a61ccfe75a443a1ab52a65af34e5dc3c78e0209fed803814484fcb\windows-amd64

VM Arguments:
jvm_args: --add-opens=java.base/java.util=ALL-UNNAMED --add-opens=java.base/java.lang=ALL-UNNAMED --add-opens=java.base/java.lang.invoke=ALL-UNNAMED --add-opens=java.base/java.util=ALL-UNNAMED --add-opens=java.prefs/java.util.prefs=ALL-UNNAMED --add-opens=java.prefs/java.util.prefs=ALL-UNNAMED --add-opens=java.base/java.nio.charset=ALL-UNNAMED --add-opens=java.base/java.net=ALL-UNNAMED --add-opens=java.base/java.util.concurrent.atomic=ALL-UNNAMED -Xmx2048m -Dfile.encoding=UTF-8 -Duser.country=UA -Duser.language=uk -Duser.variant 
java_command: org.gradle.launcher.daemon.bootstrap.GradleDaemon 7.2
java_class_path (initial): E:\.gradle\wrapper\dists\gradle-7.2-bin\2dnblmf4td7x66yl1d74lt32g\gradle-7.2\lib\gradle-launcher-7.2.jar
Launcher Type: SUN_STANDARD

[Global flags]
     intx CICompilerCount                          = 2                                         {product} {ergonomic}
     uint ConcGCThreads                            = 1                                         {product} {ergonomic}
     uint G1ConcRefinementThreads                  = 2                                         {product} {ergonomic}
   size_t G1HeapRegionSize                         = 1048576                                   {product} {ergonomic}
    uintx GCDrainStackTargetSize                   = 64                                        {product} {ergonomic}
   size_t InitialHeapSize                          = 65011712                                  {product} {ergonomic}
   size_t MarkStackSize                            = 4194304                                   {product} {ergonomic}
   size_t MaxHeapSize                              = 2147483648                                {product} {command line}
   size_t MaxNewSize                               = 1287651328                                {product} {ergonomic}
   size_t MinHeapDeltaBytes                        = 1048576                                   {product} {ergonomic}
    uintx NonNMethodCodeHeapSize                   = 5825164                                {pd product} {ergonomic}
    uintx NonProfiledCodeHeapSize                  = 122916538                              {pd product} {ergonomic}
    uintx ProfiledCodeHeapSize                     = 122916538                              {pd product} {ergonomic}
    uintx ReservedCodeCacheSize                    = 251658240                              {pd product} {ergonomic}
     bool SegmentedCodeCache                       = true                                      {product} {ergonomic}
     bool UseCompressedClassPointers               = true                                 {lp64_product} {ergonomic}
     bool UseCompressedOops                        = true                                 {lp64_product} {ergonomic}
     bool UseG1GC                                  = true                                      {product} {ergonomic}
     bool UseLargePagesIndividualAllocation        = false                                  {pd product} {ergonomic}

Logging:
Log output configuration:
 #0: stdout all=warning uptime,level,tags
 #1: stderr all=off uptime,level,tags

Environment Variables:
PATH=C:\Program Files\Common Files\Oracle\Java\javapath;C:\Program Files (x86)\Common Files\Oracle\Java\javapath;C:\Windows\system32;C:\Windows;C:\Windows\System32\Wbem;C:\Windows\System32\WindowsPowerShell\v1.0\;C:\Windows\System32\OpenSSH\;C:\Program Files\dotnet\;C:\Users\Vlada\AppData\Local\Microsoft\WindowsApps;C:\Users\Vlada\.dotnet\tools;D:\\php-8.1.0-nts-Win32-vs16-x64;D:\Brackets\;E:\SQLite\
USERNAME=Vlada
OS=Windows_NT
PROCESSOR_IDENTIFIER=Intel64 Family 6 Model 122 Stepping 1, GenuineIntel



---------------  S Y S T E M  ---------------

OS: Windows 10 , 64 bit Build 18362 (10.0.18362.2037)
OS uptime: 1 days 14:18 hours

CPU:total 2 (initial active 2) (2 cores per cpu, 1 threads per core) family 6 model 122 stepping 1 microcode 0x34, cmov, cx8, fxsr, mmx, sse, sse2, sse3, ssse3, sse4.1, sse4.2, popcnt, aes, clmul, erms, 3dnowpref, tsc, tscinvbit, sha

Memory: 4k page, system-wide physical 3911M (59M free)
TotalPageFile size 9128M (AvailPageFile size 2M)
current process WorkingSet (physical memory assigned to process): 212M, peak: 212M
current process commit charge ("private bytes"): 278M, peak: 278M

vm_info: OpenJDK 64-Bit Server VM (11.0.11+9-b60-7590822) for windows-amd64 JRE (11.0.11+9-b60-7590822), built on Jul 29 2021 21:43:44 by "builder" with MS VC++ 14.0 (VS2015)

END.
